<?xml version="1.0" encoding="UTF-8"?>
<testsuite name="tests.LoginTests" tests="12" skipped="0" failures="0" errors="0" timestamp="2023-06-23T17:57:04" hostname="LAPTOP-QKHLCVKT" time="58.16">
  <properties/>
  <testcase name="loginNegativeTestWrongEmail" classname="tests.LoginTests" time="2.231"/>
  <testcase name="loginNegativeTestWrongPassword" classname="tests.LoginTests" time="1.624"/>
  <testcase name="loginPositiveTest[0](User(email=abc@def.com, password=$Abcdef12345))" classname="tests.LoginTests" time="1.118"/>
  <testcase name="loginPositiveTest[1](User(email=abc@def.com, password=$Abcdef12345))" classname="tests.LoginTests" time="1.134"/>
  <testcase name="loginPositiveTest[2](User(email=abc@def.com, password=$Abcdef12345))" classname="tests.LoginTests" time="1.135"/>
  <testcase name="loginPositiveTestConfig" classname="tests.LoginTests" time="1.152"/>
  <testcase name="loginNegativeTestWrongEmail" classname="tests.LoginTests" time="1.621"/>
  <testcase name="loginNegativeTestWrongPassword" classname="tests.LoginTests" time="1.609"/>
  <testcase name="loginPositiveTest[0](User(email=abc@def.com, password=$Abcdef12345))" classname="tests.LoginTests" time="1.158"/>
  <testcase name="loginPositiveTest[1](User(email=abc@def.com, password=$Abcdef12345))" classname="tests.LoginTests" time="1.146"/>
  <testcase name="loginPositiveTest[2](User(email=abc@def.com, password=$Abcdef12345))" classname="tests.LoginTests" time="1.13"/>
  <testcase name="loginPositiveTestConfig" classname="tests.LoginTests" time="1.142"/>
  <system-out><![CDATA[Wrong email or password
Wrong email or password
Wrong email or password
Wrong email or password
]]></system-out>
  <system-err><![CDATA[console.warn: LoginRecipes: "Falling back to a synchronous message for: https://telranedu.web.app."
console.warn: LoginRecipes: "Falling back to a synchronous message for: https://telranedu.web.app."
console.warn: LoginRecipes: "Falling back to a synchronous message for: https://telranedu.web.app."
console.warn: LoginRecipes: "Falling back to a synchronous message for: https://telranedu.web.app."
console.warn: LoginRecipes: "Falling back to a synchronous message for: https://telranedu.web.app."
console.warn: LoginRecipes: "Falling back to a synchronous message for: https://telranedu.web.app."
console.warn: LoginRecipes: "Falling back to a synchronous message for: https://telranedu.web.app."
console.warn: LoginRecipes: "Falling back to a synchronous message for: https://telranedu.web.app."
console.warn: LoginRecipes: "Falling back to a synchronous message for: https://telranedu.web.app."
console.warn: LoginRecipes: "Falling back to a synchronous message for: https://telranedu.web.app."
console.warn: LoginRecipes: "Falling back to a synchronous message for: https://telranedu.web.app."
console.warn: LoginRecipes: "Falling back to a synchronous message for: https://telranedu.web.app."
]]></system-err>
</testsuite>
